0 info it worked if it ends with ok
1 verbose cli [ '/usr/bin/nodejs', '/usr/bin/npm', 'install' ]
2 info using npm@3.5.2
3 info using node@v4.2.6
4 silly loadCurrentTree Starting
5 silly install loadCurrentTree
6 silly install readLocalPackageData
7 silly install normalizeTree
8 silly loadCurrentTree Finishing
9 silly loadIdealTree Starting
10 silly install loadIdealTree
11 silly cloneCurrentTree Starting
12 silly install cloneCurrentTreeToIdealTree
13 silly cloneCurrentTree Finishing
14 silly loadShrinkwrap Starting
15 silly install loadShrinkwrap
16 silly loadShrinkwrap Finishing
17 silly loadAllDepsIntoIdealTree Starting
18 silly install loadAllDepsIntoIdealTree
19 silly fetchNamedPackageData bcryptjs
20 silly mapToRegistry name bcryptjs
21 silly mapToRegistry using default registry
22 silly mapToRegistry registry https://registry.npmjs.org/
23 silly mapToRegistry uri https://registry.npmjs.org/bcryptjs
24 verbose request uri https://registry.npmjs.org/bcryptjs
25 verbose request no auth needed
26 info attempt registry request try #1 at 2:56:25 PM
27 verbose request id 270423f8b1470555
28 http request GET https://registry.npmjs.org/bcryptjs
29 http 200 https://registry.npmjs.org/bcryptjs
30 verbose headers { server: 'nginx/1.10.1',
30 verbose headers   'content-type': 'application/json',
30 verbose headers   'last-modified': 'Thu, 17 Aug 2017 13:52:04 GMT',
30 verbose headers   etag: 'W/"59959f84-f1f5"',
30 verbose headers   'content-encoding': 'gzip',
30 verbose headers   'cache-control': 'max-age=300',
30 verbose headers   'content-length': '7704',
30 verbose headers   'accept-ranges': 'bytes',
30 verbose headers   date: 'Thu, 17 Aug 2017 18:56:25 GMT',
30 verbose headers   via: '1.1 varnish',
30 verbose headers   age: '105',
30 verbose headers   connection: 'keep-alive',
30 verbose headers   'x-served-by': 'cache-jfk8132-JFK',
30 verbose headers   'x-cache': 'HIT',
30 verbose headers   'x-cache-hits': '1',
30 verbose headers   'x-timer': 'S1502996185.304027,VS0,VE0',
30 verbose headers   vary: 'Accept-Encoding, Accept' }
31 silly get cb [ 200,
31 silly get   { server: 'nginx/1.10.1',
31 silly get     'content-type': 'application/json',
31 silly get     'last-modified': 'Thu, 17 Aug 2017 13:52:04 GMT',
31 silly get     etag: 'W/"59959f84-f1f5"',
31 silly get     'content-encoding': 'gzip',
31 silly get     'cache-control': 'max-age=300',
31 silly get     'content-length': '7704',
31 silly get     'accept-ranges': 'bytes',
31 silly get     date: 'Thu, 17 Aug 2017 18:56:25 GMT',
31 silly get     via: '1.1 varnish',
31 silly get     age: '105',
31 silly get     connection: 'keep-alive',
31 silly get     'x-served-by': 'cache-jfk8132-JFK',
31 silly get     'x-cache': 'HIT',
31 silly get     'x-cache-hits': '1',
31 silly get     'x-timer': 'S1502996185.304027,VS0,VE0',
31 silly get     vary: 'Accept-Encoding, Accept' } ]
32 verbose get saving bcryptjs to /home/mohamed/.npm/registry.npmjs.org/bcryptjs/.cache.json
33 silly resolveWithNewModule bcryptjs@2.4.3 checking installable status
34 silly cache add args [ 'bcryptjs@*', null ]
35 verbose cache add spec bcryptjs@*
36 silly cache add parsed spec Result {
36 silly cache add   raw: 'bcryptjs@*',
36 silly cache add   scope: null,
36 silly cache add   name: 'bcryptjs',
36 silly cache add   rawSpec: '*',
36 silly cache add   spec: '*',
36 silly cache add   type: 'range' }
37 silly addNamed bcryptjs@*
38 verbose addNamed "*" is a valid semver range for bcryptjs
39 silly addNameRange { name: 'bcryptjs', range: '*', hasData: false }
40 silly mapToRegistry name bcryptjs
41 silly mapToRegistry using default registry
42 silly mapToRegistry registry https://registry.npmjs.org/
43 silly mapToRegistry uri https://registry.npmjs.org/bcryptjs
44 verbose addNameRange registry:https://registry.npmjs.org/bcryptjs not in flight; fetching
45 verbose get https://registry.npmjs.org/bcryptjs not expired, no request
46 silly addNameRange number 2 { name: 'bcryptjs', range: '*', hasData: true }
47 silly addNameRange versions [ 'bcryptjs',
47 silly addNameRange   [ '0.7.5',
47 silly addNameRange     '0.7.6',
47 silly addNameRange     '0.7.7',
47 silly addNameRange     '0.7.8',
47 silly addNameRange     '0.7.10',
47 silly addNameRange     '0.7.12',
47 silly addNameRange     '1.0.0',
47 silly addNameRange     '1.0.1',
47 silly addNameRange     '1.0.2',
47 silly addNameRange     '1.0.3',
47 silly addNameRange     '1.0.4',
47 silly addNameRange     '1.0.5',
47 silly addNameRange     '1.1.0',
47 silly addNameRange     '2.0.0',
47 silly addNameRange     '2.0.1',
47 silly addNameRange     '2.0.2',
47 silly addNameRange     '2.1.0',
47 silly addNameRange     '2.2.0',
47 silly addNameRange     '2.2.1',
47 silly addNameRange     '2.2.2',
47 silly addNameRange     '2.3.0',
47 silly addNameRange     '2.4.0',
47 silly addNameRange     '2.4.1',
47 silly addNameRange     '2.4.2',
47 silly addNameRange     '2.4.3' ] ]
48 silly addNamed bcryptjs@2.4.3
49 verbose addNamed "2.4.3" is a plain semver version for bcryptjs
50 silly mapToRegistry name bcryptjs
51 silly mapToRegistry using default registry
52 silly mapToRegistry registry https://registry.npmjs.org/
53 silly mapToRegistry uri https://registry.npmjs.org/bcryptjs
54 verbose addRemoteTarball https://registry.npmjs.org/bcryptjs/-/bcryptjs-2.4.3.tgz not in flight; adding
55 verbose addRemoteTarball [ 'https://registry.npmjs.org/bcryptjs/-/bcryptjs-2.4.3.tgz',
55 verbose addRemoteTarball   '9ab5627b93e60621ff7cdac5da9733027df1d0cb' ]
56 info retry fetch attempt 1 at 2:56:25 PM
57 info attempt registry request try #1 at 2:56:25 PM
58 http fetch GET https://registry.npmjs.org/bcryptjs/-/bcryptjs-2.4.3.tgz
59 http fetch 200 https://registry.npmjs.org/bcryptjs/-/bcryptjs-2.4.3.tgz
60 silly fetchAndShaCheck shasum 9ab5627b93e60621ff7cdac5da9733027df1d0cb
61 verbose addTmpTarball /tmp/npm-4424-85d600d9/registry.npmjs.org/bcryptjs/-/bcryptjs-2.4.3.tgz not in flight; adding
62 verbose addTmpTarball already have metadata; skipping unpack for bcryptjs@2.4.3
63 silly cache afterAdd bcryptjs@2.4.3
64 verbose afterAdd /home/mohamed/.npm/bcryptjs/2.4.3/package/package.json not in flight; writing
65 verbose afterAdd /home/mohamed/.npm/bcryptjs/2.4.3/package/package.json written
66 silly loadAllDepsIntoIdealTree Finishing
67 silly idealTree:prePrune mshare@1.0.0
67 silly idealTree:prePrune ├── abbrev@1.1.0
67 silly idealTree:prePrune ├── accepts@1.0.0
67 silly idealTree:prePrune ├── ajv@4.11.8
67 silly idealTree:prePrune ├── ansi-regex@2.1.1
67 silly idealTree:prePrune ├── aproba@1.1.2
67 silly idealTree:prePrune ├── are-we-there-yet@1.1.4
67 silly idealTree:prePrune ├── asn1@0.2.3
67 silly idealTree:prePrune ├── assert-plus@0.2.0
67 silly idealTree:prePrune ├── async@2.1.4
67 silly idealTree:prePrune ├── asynckit@0.4.0
67 silly idealTree:prePrune ├── aws-sign2@0.6.0
67 silly idealTree:prePrune ├── aws4@1.6.0
67 silly idealTree:prePrune ├── balanced-match@1.0.0
67 silly idealTree:prePrune ├── bcrypt-pbkdf@1.0.1
67 silly idealTree:prePrune ├── bcrypt@1.0.2
67 silly idealTree:prePrune ├── bcryptjs@2.4.3
67 silly idealTree:prePrune ├── bindings@1.2.1
67 silly idealTree:prePrune ├── block-stream@0.0.9
67 silly idealTree:prePrune ├── bluebird@2.10.2
67 silly idealTree:prePrune ├─┬ body-parser@1.0.2
67 silly idealTree:prePrune │ └── qs@0.6.6
67 silly idealTree:prePrune ├── boom@2.10.1
67 silly idealTree:prePrune ├── brace-expansion@1.1.8
67 silly idealTree:prePrune ├── bson@1.0.4
67 silly idealTree:prePrune ├── buffer-crc32@0.2.1
67 silly idealTree:prePrune ├── buffer-shims@1.0.0
67 silly idealTree:prePrune ├── bytes@1.0.0
67 silly idealTree:prePrune ├── caseless@0.12.0
67 silly idealTree:prePrune ├── co@4.6.0
67 silly idealTree:prePrune ├── code-point-at@1.1.0
67 silly idealTree:prePrune ├── colors@1.0.3
67 silly idealTree:prePrune ├── combined-stream@1.0.5
67 silly idealTree:prePrune ├── concat-map@0.0.1
67 silly idealTree:prePrune ├── console-control-strings@1.1.0
67 silly idealTree:prePrune ├── cookie-signature@1.0.3
67 silly idealTree:prePrune ├── cookie@0.1.0
67 silly idealTree:prePrune ├── core-util-is@1.0.2
67 silly idealTree:prePrune ├── cryptiles@2.0.5
67 silly idealTree:prePrune ├── cycle@1.0.3
67 silly idealTree:prePrune ├─┬ dashdash@1.14.1
67 silly idealTree:prePrune │ └── assert-plus@1.0.0
67 silly idealTree:prePrune ├── debug@2.2.0
67 silly idealTree:prePrune ├── deep-extend@0.4.2
67 silly idealTree:prePrune ├── delayed-stream@1.0.0
67 silly idealTree:prePrune ├── delegates@1.0.0
67 silly idealTree:prePrune ├── dotenv@4.0.0
67 silly idealTree:prePrune ├── ecc-jsbn@0.1.1
67 silly idealTree:prePrune ├── es6-promise@3.2.1
67 silly idealTree:prePrune ├── escape-html@1.0.1
67 silly idealTree:prePrune ├─┬ express@4.0.0
67 silly idealTree:prePrune │ ├── debug@0.8.1
67 silly idealTree:prePrune │ ├── qs@0.6.6
67 silly idealTree:prePrune │ └── type-is@1.0.0
67 silly idealTree:prePrune ├── extend@3.0.1
67 silly idealTree:prePrune ├── extsprintf@1.3.0
67 silly idealTree:prePrune ├── eyes@0.1.8
67 silly idealTree:prePrune ├── forever-agent@0.6.1
67 silly idealTree:prePrune ├── form-data@2.1.4
67 silly idealTree:prePrune ├── fresh@0.2.2
67 silly idealTree:prePrune ├── fs.realpath@1.0.0
67 silly idealTree:prePrune ├── fstream-ignore@1.0.5
67 silly idealTree:prePrune ├── fstream@1.0.11
67 silly idealTree:prePrune ├── gauge@2.7.4
67 silly idealTree:prePrune ├─┬ getpass@0.1.7
67 silly idealTree:prePrune │ └── assert-plus@1.0.0
67 silly idealTree:prePrune ├── glob@7.1.2
67 silly idealTree:prePrune ├── graceful-fs@4.1.11
67 silly idealTree:prePrune ├── har-schema@1.0.5
67 silly idealTree:prePrune ├── har-validator@4.2.1
67 silly idealTree:prePrune ├── has-unicode@2.0.1
67 silly idealTree:prePrune ├── hat@0.0.3
67 silly idealTree:prePrune ├── hawk@3.1.3
67 silly idealTree:prePrune ├── hoek@2.16.3
67 silly idealTree:prePrune ├── hooks-fixed@2.0.0
67 silly idealTree:prePrune ├── http-signature@1.1.1
67 silly idealTree:prePrune ├── inflight@1.0.6
67 silly idealTree:prePrune ├── inherits@2.0.3
67 silly idealTree:prePrune ├── ini@1.3.4
67 silly idealTree:prePrune ├── is-fullwidth-code-point@1.0.0
67 silly idealTree:prePrune ├── is-typedarray@1.0.0
67 silly idealTree:prePrune ├── isarray@1.0.0
67 silly idealTree:prePrune ├── isstream@0.1.2
67 silly idealTree:prePrune ├── jsbn@0.1.1
67 silly idealTree:prePrune ├── json-schema@0.2.3
67 silly idealTree:prePrune ├── json-stable-stringify@1.0.1
67 silly idealTree:prePrune ├── json-stringify-safe@5.0.1
67 silly idealTree:prePrune ├── jsonify@0.0.0
67 silly idealTree:prePrune ├─┬ jsprim@1.4.1
67 silly idealTree:prePrune │ └── assert-plus@1.0.0
67 silly idealTree:prePrune ├── kareem@1.5.0
67 silly idealTree:prePrune ├── lodash@4.17.4
67 silly idealTree:prePrune ├── merge-descriptors@0.0.2
67 silly idealTree:prePrune ├── methods@0.1.0
67 silly idealTree:prePrune ├── mime-db@1.29.0
67 silly idealTree:prePrune ├── mime-types@2.1.16
67 silly idealTree:prePrune ├── mime@1.2.11
67 silly idealTree:prePrune ├── minimatch@3.0.4
67 silly idealTree:prePrune ├── minimist@0.0.8
67 silly idealTree:prePrune ├── mkdirp@0.5.1
67 silly idealTree:prePrune ├── mongodb-core@2.1.15
67 silly idealTree:prePrune ├─┬ mongodb@2.2.31
67 silly idealTree:prePrune │ └── readable-stream@2.2.7
67 silly idealTree:prePrune ├─┬ mongoose@4.11.7
67 silly idealTree:prePrune │ └── ms@2.0.0
67 silly idealTree:prePrune ├── mpath@0.3.0
67 silly idealTree:prePrune ├── mpromise@0.5.5
67 silly idealTree:prePrune ├─┬ mquery@2.3.1
67 silly idealTree:prePrune │ ├── debug@2.6.8
67 silly idealTree:prePrune │ ├── ms@2.0.0
67 silly idealTree:prePrune │ └── sliced@0.0.5
67 silly idealTree:prePrune ├── ms@0.7.1
67 silly idealTree:prePrune ├── muri@1.2.2
67 silly idealTree:prePrune ├── nan@2.5.0
67 silly idealTree:prePrune ├── negotiator@0.3.0
67 silly idealTree:prePrune ├── node-pre-gyp@0.6.32
67 silly idealTree:prePrune ├── nopt@3.0.6
67 silly idealTree:prePrune ├── npmlog@4.1.2
67 silly idealTree:prePrune ├── number-is-nan@1.0.1
67 silly idealTree:prePrune ├── oauth-sign@0.8.2
67 silly idealTree:prePrune ├── object-assign@4.1.1
67 silly idealTree:prePrune ├── once@1.4.0
67 silly idealTree:prePrune ├── parseurl@1.0.1
67 silly idealTree:prePrune ├── path-is-absolute@1.0.1
67 silly idealTree:prePrune ├── path-to-regexp@0.1.2
67 silly idealTree:prePrune ├── performance-now@0.2.0
67 silly idealTree:prePrune ├── process-nextick-args@1.0.7
67 silly idealTree:prePrune ├── punycode@1.4.1
67 silly idealTree:prePrune ├── qs@6.4.0
67 silly idealTree:prePrune ├── range-parser@1.0.0
67 silly idealTree:prePrune ├─┬ raw-body@1.1.7
67 silly idealTree:prePrune │ └── string_decoder@0.10.31
67 silly idealTree:prePrune ├─┬ rc@1.1.7
67 silly idealTree:prePrune │ └── minimist@1.2.0
67 silly idealTree:prePrune ├── readable-stream@2.3.3
67 silly idealTree:prePrune ├── regexp-clone@0.0.1
67 silly idealTree:prePrune ├── request@2.81.0
67 silly idealTree:prePrune ├── require_optional@1.0.1
67 silly idealTree:prePrune ├── resolve-from@2.0.0
67 silly idealTree:prePrune ├── rimraf@2.5.4
67 silly idealTree:prePrune ├── safe-buffer@5.1.1
67 silly idealTree:prePrune ├── semver@5.3.0
67 silly idealTree:prePrune ├── send@0.2.0
67 silly idealTree:prePrune ├─┬ serve-static@1.0.1
67 silly idealTree:prePrune │ ├── fresh@0.2.0
67 silly idealTree:prePrune │ ├── range-parser@0.0.4
67 silly idealTree:prePrune │ └── send@0.1.4
67 silly idealTree:prePrune ├── set-blocking@2.0.0
67 silly idealTree:prePrune ├── signal-exit@3.0.2
67 silly idealTree:prePrune ├── sliced@1.0.1
67 silly idealTree:prePrune ├── sntp@1.0.9
67 silly idealTree:prePrune ├─┬ sshpk@1.13.1
67 silly idealTree:prePrune │ └── assert-plus@1.0.0
67 silly idealTree:prePrune ├── stack-trace@0.0.10
67 silly idealTree:prePrune ├── string_decoder@1.0.3
67 silly idealTree:prePrune ├── string-width@1.0.2
67 silly idealTree:prePrune ├── stringstream@0.0.5
67 silly idealTree:prePrune ├── strip-ansi@3.0.1
67 silly idealTree:prePrune ├── strip-json-comments@2.0.1
67 silly idealTree:prePrune ├─┬ tar-pack@3.3.0
67 silly idealTree:prePrune │ ├── once@1.3.3
67 silly idealTree:prePrune │ ├── readable-stream@2.1.5
67 silly idealTree:prePrune │ └── string_decoder@0.10.31
67 silly idealTree:prePrune ├── tar@2.2.1
67 silly idealTree:prePrune ├── tough-cookie@2.3.2
67 silly idealTree:prePrune ├── tunnel-agent@0.6.0
67 silly idealTree:prePrune ├── tweetnacl@0.14.5
67 silly idealTree:prePrune ├── type-is@1.1.0
67 silly idealTree:prePrune ├── uid-number@0.0.6
67 silly idealTree:prePrune ├── util-deprecate@1.0.2
67 silly idealTree:prePrune ├── utils-merge@1.0.0
67 silly idealTree:prePrune ├── uuid@3.1.0
67 silly idealTree:prePrune ├── validator@8.0.0
67 silly idealTree:prePrune ├─┬ verror@1.10.0
67 silly idealTree:prePrune │ └── assert-plus@1.0.0
67 silly idealTree:prePrune ├── wide-align@1.1.2
67 silly idealTree:prePrune ├─┬ winston@2.3.1
67 silly idealTree:prePrune │ └── async@1.0.0
67 silly idealTree:prePrune └── wrappy@1.0.2
68 silly loadIdealTree Finishing
69 silly currentTree mshare@1.0.0
69 silly currentTree ├── abbrev@1.1.0
69 silly currentTree ├── accepts@1.0.0
69 silly currentTree ├── ajv@4.11.8
69 silly currentTree ├── ansi-regex@2.1.1
69 silly currentTree ├── aproba@1.1.2
69 silly currentTree ├── are-we-there-yet@1.1.4
69 silly currentTree ├── asn1@0.2.3
69 silly currentTree ├── assert-plus@0.2.0
69 silly currentTree ├── async@2.1.4
69 silly currentTree ├── asynckit@0.4.0
69 silly currentTree ├── aws-sign2@0.6.0
69 silly currentTree ├── aws4@1.6.0
69 silly currentTree ├── balanced-match@1.0.0
69 silly currentTree ├── bcrypt-pbkdf@1.0.1
69 silly currentTree ├── bcrypt@1.0.2
69 silly currentTree ├── bindings@1.2.1
69 silly currentTree ├── block-stream@0.0.9
69 silly currentTree ├── bluebird@2.10.2
69 silly currentTree ├─┬ body-parser@1.0.2
69 silly currentTree │ └── qs@0.6.6
69 silly currentTree ├── boom@2.10.1
69 silly currentTree ├── brace-expansion@1.1.8
69 silly currentTree ├── bson@1.0.4
69 silly currentTree ├── buffer-crc32@0.2.1
69 silly currentTree ├── buffer-shims@1.0.0
69 silly currentTree ├── bytes@1.0.0
69 silly currentTree ├── caseless@0.12.0
69 silly currentTree ├── co@4.6.0
69 silly currentTree ├── code-point-at@1.1.0
69 silly currentTree ├── colors@1.0.3
69 silly currentTree ├── combined-stream@1.0.5
69 silly currentTree ├── concat-map@0.0.1
69 silly currentTree ├── console-control-strings@1.1.0
69 silly currentTree ├── cookie-signature@1.0.3
69 silly currentTree ├── cookie@0.1.0
69 silly currentTree ├── core-util-is@1.0.2
69 silly currentTree ├── cryptiles@2.0.5
69 silly currentTree ├── cycle@1.0.3
69 silly currentTree ├─┬ dashdash@1.14.1
69 silly currentTree │ └── assert-plus@1.0.0
69 silly currentTree ├── debug@2.2.0
69 silly currentTree ├── deep-extend@0.4.2
69 silly currentTree ├── delayed-stream@1.0.0
69 silly currentTree ├── delegates@1.0.0
69 silly currentTree ├── dotenv@4.0.0
69 silly currentTree ├── ecc-jsbn@0.1.1
69 silly currentTree ├── es6-promise@3.2.1
69 silly currentTree ├── escape-html@1.0.1
69 silly currentTree ├─┬ express@4.0.0
69 silly currentTree │ ├── debug@0.8.1
69 silly currentTree │ ├── qs@0.6.6
69 silly currentTree │ └── type-is@1.0.0
69 silly currentTree ├── extend@3.0.1
69 silly currentTree ├── extsprintf@1.3.0
69 silly currentTree ├── eyes@0.1.8
69 silly currentTree ├── forever-agent@0.6.1
69 silly currentTree ├── form-data@2.1.4
69 silly currentTree ├── fresh@0.2.2
69 silly currentTree ├── fs.realpath@1.0.0
69 silly currentTree ├── fstream-ignore@1.0.5
69 silly currentTree ├── fstream@1.0.11
69 silly currentTree ├── gauge@2.7.4
69 silly currentTree ├─┬ getpass@0.1.7
69 silly currentTree │ └── assert-plus@1.0.0
69 silly currentTree ├── glob@7.1.2
69 silly currentTree ├── graceful-fs@4.1.11
69 silly currentTree ├── har-schema@1.0.5
69 silly currentTree ├── har-validator@4.2.1
69 silly currentTree ├── has-unicode@2.0.1
69 silly currentTree ├── hat@0.0.3
69 silly currentTree ├── hawk@3.1.3
69 silly currentTree ├── hoek@2.16.3
69 silly currentTree ├── hooks-fixed@2.0.0
69 silly currentTree ├── http-signature@1.1.1
69 silly currentTree ├── inflight@1.0.6
69 silly currentTree ├── inherits@2.0.3
69 silly currentTree ├── ini@1.3.4
69 silly currentTree ├── is-fullwidth-code-point@1.0.0
69 silly currentTree ├── is-typedarray@1.0.0
69 silly currentTree ├── isarray@1.0.0
69 silly currentTree ├── isstream@0.1.2
69 silly currentTree ├── jsbn@0.1.1
69 silly currentTree ├── json-schema@0.2.3
69 silly currentTree ├── json-stable-stringify@1.0.1
69 silly currentTree ├── json-stringify-safe@5.0.1
69 silly currentTree ├── jsonify@0.0.0
69 silly currentTree ├─┬ jsprim@1.4.1
69 silly currentTree │ └── assert-plus@1.0.0
69 silly currentTree ├── kareem@1.5.0
69 silly currentTree ├── lodash@4.17.4
69 silly currentTree ├── merge-descriptors@0.0.2
69 silly currentTree ├── methods@0.1.0
69 silly currentTree ├── mime-db@1.29.0
69 silly currentTree ├── mime-types@2.1.16
69 silly currentTree ├── mime@1.2.11
69 silly currentTree ├── minimatch@3.0.4
69 silly currentTree ├── minimist@0.0.8
69 silly currentTree ├── mkdirp@0.5.1
69 silly currentTree ├── mongodb-core@2.1.15
69 silly currentTree ├─┬ mongodb@2.2.31
69 silly currentTree │ └── readable-stream@2.2.7
69 silly currentTree ├─┬ mongoose@4.11.7
69 silly currentTree │ └── ms@2.0.0
69 silly currentTree ├── mpath@0.3.0
69 silly currentTree ├── mpromise@0.5.5
69 silly currentTree ├─┬ mquery@2.3.1
69 silly currentTree │ ├── debug@2.6.8
69 silly currentTree │ ├── ms@2.0.0
69 silly currentTree │ └── sliced@0.0.5
69 silly currentTree ├── ms@0.7.1
69 silly currentTree ├── muri@1.2.2
69 silly currentTree ├── nan@2.5.0
69 silly currentTree ├── negotiator@0.3.0
69 silly currentTree ├── node-pre-gyp@0.6.32
69 silly currentTree ├── nopt@3.0.6
69 silly currentTree ├── npmlog@4.1.2
69 silly currentTree ├── number-is-nan@1.0.1
69 silly currentTree ├── oauth-sign@0.8.2
69 silly currentTree ├── object-assign@4.1.1
69 silly currentTree ├── once@1.4.0
69 silly currentTree ├── parseurl@1.0.1
69 silly currentTree ├── path-is-absolute@1.0.1
69 silly currentTree ├── path-to-regexp@0.1.2
69 silly currentTree ├── performance-now@0.2.0
69 silly currentTree ├── process-nextick-args@1.0.7
69 silly currentTree ├── punycode@1.4.1
69 silly currentTree ├── qs@6.4.0
69 silly currentTree ├── range-parser@1.0.0
69 silly currentTree ├─┬ raw-body@1.1.7
69 silly currentTree │ └── string_decoder@0.10.31
69 silly currentTree ├─┬ rc@1.1.7
69 silly currentTree │ └── minimist@1.2.0
69 silly currentTree ├── readable-stream@2.3.3
69 silly currentTree ├── regexp-clone@0.0.1
69 silly currentTree ├── request@2.81.0
69 silly currentTree ├── require_optional@1.0.1
69 silly currentTree ├── resolve-from@2.0.0
69 silly currentTree ├── rimraf@2.5.4
69 silly currentTree ├── safe-buffer@5.1.1
69 silly currentTree ├── semver@5.3.0
69 silly currentTree ├── send@0.2.0
69 silly currentTree ├─┬ serve-static@1.0.1
69 silly currentTree │ ├── fresh@0.2.0
69 silly currentTree │ ├── range-parser@0.0.4
69 silly currentTree │ └── send@0.1.4
69 silly currentTree ├── set-blocking@2.0.0
69 silly currentTree ├── signal-exit@3.0.2
69 silly currentTree ├── sliced@1.0.1
69 silly currentTree ├── sntp@1.0.9
69 silly currentTree ├─┬ sshpk@1.13.1
69 silly currentTree │ └── assert-plus@1.0.0
69 silly currentTree ├── stack-trace@0.0.10
69 silly currentTree ├── string_decoder@1.0.3
69 silly currentTree ├── string-width@1.0.2
69 silly currentTree ├── stringstream@0.0.5
69 silly currentTree ├── strip-ansi@3.0.1
69 silly currentTree ├── strip-json-comments@2.0.1
69 silly currentTree ├─┬ tar-pack@3.3.0
69 silly currentTree │ ├── once@1.3.3
69 silly currentTree │ ├── readable-stream@2.1.5
69 silly currentTree │ └── string_decoder@0.10.31
69 silly currentTree ├── tar@2.2.1
69 silly currentTree ├── tough-cookie@2.3.2
69 silly currentTree ├── tunnel-agent@0.6.0
69 silly currentTree ├── tweetnacl@0.14.5
69 silly currentTree ├── type-is@1.1.0
69 silly currentTree ├── uid-number@0.0.6
69 silly currentTree ├── util-deprecate@1.0.2
69 silly currentTree ├── utils-merge@1.0.0
69 silly currentTree ├── uuid@3.1.0
69 silly currentTree ├── validator@8.0.0
69 silly currentTree ├─┬ verror@1.10.0
69 silly currentTree │ └── assert-plus@1.0.0
69 silly currentTree ├── wide-align@1.1.2
69 silly currentTree ├─┬ winston@2.3.1
69 silly currentTree │ └── async@1.0.0
69 silly currentTree └── wrappy@1.0.2
70 silly idealTree mshare@1.0.0
70 silly idealTree ├── abbrev@1.1.0
70 silly idealTree ├── accepts@1.0.0
70 silly idealTree ├── ajv@4.11.8
70 silly idealTree ├── ansi-regex@2.1.1
70 silly idealTree ├── aproba@1.1.2
70 silly idealTree ├── are-we-there-yet@1.1.4
70 silly idealTree ├── asn1@0.2.3
70 silly idealTree ├── assert-plus@0.2.0
70 silly idealTree ├── async@2.1.4
70 silly idealTree ├── asynckit@0.4.0
70 silly idealTree ├── aws-sign2@0.6.0
70 silly idealTree ├── aws4@1.6.0
70 silly idealTree ├── balanced-match@1.0.0
70 silly idealTree ├── bcrypt-pbkdf@1.0.1
70 silly idealTree ├── bcrypt@1.0.2
70 silly idealTree ├── bcryptjs@2.4.3
70 silly idealTree ├── bindings@1.2.1
70 silly idealTree ├── block-stream@0.0.9
70 silly idealTree ├── bluebird@2.10.2
70 silly idealTree ├─┬ body-parser@1.0.2
70 silly idealTree │ └── qs@0.6.6
70 silly idealTree ├── boom@2.10.1
70 silly idealTree ├── brace-expansion@1.1.8
70 silly idealTree ├── bson@1.0.4
70 silly idealTree ├── buffer-crc32@0.2.1
70 silly idealTree ├── buffer-shims@1.0.0
70 silly idealTree ├── bytes@1.0.0
70 silly idealTree ├── caseless@0.12.0
70 silly idealTree ├── co@4.6.0
70 silly idealTree ├── code-point-at@1.1.0
70 silly idealTree ├── colors@1.0.3
70 silly idealTree ├── combined-stream@1.0.5
70 silly idealTree ├── concat-map@0.0.1
70 silly idealTree ├── console-control-strings@1.1.0
70 silly idealTree ├── cookie-signature@1.0.3
70 silly idealTree ├── cookie@0.1.0
70 silly idealTree ├── core-util-is@1.0.2
70 silly idealTree ├── cryptiles@2.0.5
70 silly idealTree ├── cycle@1.0.3
70 silly idealTree ├─┬ dashdash@1.14.1
70 silly idealTree │ └── assert-plus@1.0.0
70 silly idealTree ├── debug@2.2.0
70 silly idealTree ├── deep-extend@0.4.2
70 silly idealTree ├── delayed-stream@1.0.0
70 silly idealTree ├── delegates@1.0.0
70 silly idealTree ├── dotenv@4.0.0
70 silly idealTree ├── ecc-jsbn@0.1.1
70 silly idealTree ├── es6-promise@3.2.1
70 silly idealTree ├── escape-html@1.0.1
70 silly idealTree ├─┬ express@4.0.0
70 silly idealTree │ ├── debug@0.8.1
70 silly idealTree │ ├── qs@0.6.6
70 silly idealTree │ └── type-is@1.0.0
70 silly idealTree ├── extend@3.0.1
70 silly idealTree ├── extsprintf@1.3.0
70 silly idealTree ├── eyes@0.1.8
70 silly idealTree ├── forever-agent@0.6.1
70 silly idealTree ├── form-data@2.1.4
70 silly idealTree ├── fresh@0.2.2
70 silly idealTree ├── fs.realpath@1.0.0
70 silly idealTree ├── fstream-ignore@1.0.5
70 silly idealTree ├── fstream@1.0.11
70 silly idealTree ├── gauge@2.7.4
70 silly idealTree ├─┬ getpass@0.1.7
70 silly idealTree │ └── assert-plus@1.0.0
70 silly idealTree ├── glob@7.1.2
70 silly idealTree ├── graceful-fs@4.1.11
70 silly idealTree ├── har-schema@1.0.5
70 silly idealTree ├── har-validator@4.2.1
70 silly idealTree ├── has-unicode@2.0.1
70 silly idealTree ├── hat@0.0.3
70 silly idealTree ├── hawk@3.1.3
70 silly idealTree ├── hoek@2.16.3
70 silly idealTree ├── hooks-fixed@2.0.0
70 silly idealTree ├── http-signature@1.1.1
70 silly idealTree ├── inflight@1.0.6
70 silly idealTree ├── inherits@2.0.3
70 silly idealTree ├── ini@1.3.4
70 silly idealTree ├── is-fullwidth-code-point@1.0.0
70 silly idealTree ├── is-typedarray@1.0.0
70 silly idealTree ├── isarray@1.0.0
70 silly idealTree ├── isstream@0.1.2
70 silly idealTree ├── jsbn@0.1.1
70 silly idealTree ├── json-schema@0.2.3
70 silly idealTree ├── json-stable-stringify@1.0.1
70 silly idealTree ├── json-stringify-safe@5.0.1
70 silly idealTree ├── jsonify@0.0.0
70 silly idealTree ├─┬ jsprim@1.4.1
70 silly idealTree │ └── assert-plus@1.0.0
70 silly idealTree ├── kareem@1.5.0
70 silly idealTree ├── lodash@4.17.4
70 silly idealTree ├── merge-descriptors@0.0.2
70 silly idealTree ├── methods@0.1.0
70 silly idealTree ├── mime-db@1.29.0
70 silly idealTree ├── mime-types@2.1.16
70 silly idealTree ├── mime@1.2.11
70 silly idealTree ├── minimatch@3.0.4
70 silly idealTree ├── minimist@0.0.8
70 silly idealTree ├── mkdirp@0.5.1
70 silly idealTree ├── mongodb-core@2.1.15
70 silly idealTree ├─┬ mongodb@2.2.31
70 silly idealTree │ └── readable-stream@2.2.7
70 silly idealTree ├─┬ mongoose@4.11.7
70 silly idealTree │ └── ms@2.0.0
70 silly idealTree ├── mpath@0.3.0
70 silly idealTree ├── mpromise@0.5.5
70 silly idealTree ├─┬ mquery@2.3.1
70 silly idealTree │ ├── debug@2.6.8
70 silly idealTree │ ├── ms@2.0.0
70 silly idealTree │ └── sliced@0.0.5
70 silly idealTree ├── ms@0.7.1
70 silly idealTree ├── muri@1.2.2
70 silly idealTree ├── nan@2.5.0
70 silly idealTree ├── negotiator@0.3.0
70 silly idealTree ├── node-pre-gyp@0.6.32
70 silly idealTree ├── nopt@3.0.6
70 silly idealTree ├── npmlog@4.1.2
70 silly idealTree ├── number-is-nan@1.0.1
70 silly idealTree ├── oauth-sign@0.8.2
70 silly idealTree ├── object-assign@4.1.1
70 silly idealTree ├── once@1.4.0
70 silly idealTree ├── parseurl@1.0.1
70 silly idealTree ├── path-is-absolute@1.0.1
70 silly idealTree ├── path-to-regexp@0.1.2
70 silly idealTree ├── performance-now@0.2.0
70 silly idealTree ├── process-nextick-args@1.0.7
70 silly idealTree ├── punycode@1.4.1
70 silly idealTree ├── qs@6.4.0
70 silly idealTree ├── range-parser@1.0.0
70 silly idealTree ├─┬ raw-body@1.1.7
70 silly idealTree │ └── string_decoder@0.10.31
70 silly idealTree ├─┬ rc@1.1.7
70 silly idealTree │ └── minimist@1.2.0
70 silly idealTree ├── readable-stream@2.3.3
70 silly idealTree ├── regexp-clone@0.0.1
70 silly idealTree ├── request@2.81.0
70 silly idealTree ├── require_optional@1.0.1
70 silly idealTree ├── resolve-from@2.0.0
70 silly idealTree ├── rimraf@2.5.4
70 silly idealTree ├── safe-buffer@5.1.1
70 silly idealTree ├── semver@5.3.0
70 silly idealTree ├── send@0.2.0
70 silly idealTree ├─┬ serve-static@1.0.1
70 silly idealTree │ ├── fresh@0.2.0
70 silly idealTree │ ├── range-parser@0.0.4
70 silly idealTree │ └── send@0.1.4
70 silly idealTree ├── set-blocking@2.0.0
70 silly idealTree ├── signal-exit@3.0.2
70 silly idealTree ├── sliced@1.0.1
70 silly idealTree ├── sntp@1.0.9
70 silly idealTree ├─┬ sshpk@1.13.1
70 silly idealTree │ └── assert-plus@1.0.0
70 silly idealTree ├── stack-trace@0.0.10
70 silly idealTree ├── string_decoder@1.0.3
70 silly idealTree ├── string-width@1.0.2
70 silly idealTree ├── stringstream@0.0.5
70 silly idealTree ├── strip-ansi@3.0.1
70 silly idealTree ├── strip-json-comments@2.0.1
70 silly idealTree ├─┬ tar-pack@3.3.0
70 silly idealTree │ ├── once@1.3.3
70 silly idealTree │ ├── readable-stream@2.1.5
70 silly idealTree │ └── string_decoder@0.10.31
70 silly idealTree ├── tar@2.2.1
70 silly idealTree ├── tough-cookie@2.3.2
70 silly idealTree ├── tunnel-agent@0.6.0
70 silly idealTree ├── tweetnacl@0.14.5
70 silly idealTree ├── type-is@1.1.0
70 silly idealTree ├── uid-number@0.0.6
70 silly idealTree ├── util-deprecate@1.0.2
70 silly idealTree ├── utils-merge@1.0.0
70 silly idealTree ├── uuid@3.1.0
70 silly idealTree ├── validator@8.0.0
70 silly idealTree ├─┬ verror@1.10.0
70 silly idealTree │ └── assert-plus@1.0.0
70 silly idealTree ├── wide-align@1.1.2
70 silly idealTree ├─┬ winston@2.3.1
70 silly idealTree │ └── async@1.0.0
70 silly idealTree └── wrappy@1.0.2
71 silly generateActionsToTake Starting
72 silly install generateActionsToTake
73 silly generateActionsToTake Finishing
74 silly diffTrees action count 1
75 silly diffTrees add bcryptjs@2.4.3
76 silly decomposeActions action count 8
77 silly decomposeActions fetch bcryptjs@2.4.3
78 silly decomposeActions extract bcryptjs@2.4.3
79 silly decomposeActions test bcryptjs@2.4.3
80 silly decomposeActions preinstall bcryptjs@2.4.3
81 silly decomposeActions build bcryptjs@2.4.3
82 silly decomposeActions install bcryptjs@2.4.3
83 silly decomposeActions postinstall bcryptjs@2.4.3
84 silly decomposeActions finalize bcryptjs@2.4.3
85 silly executeActions Starting
86 silly install executeActions
87 silly doSerial global-install 0
88 silly doParallel fetch 1
89 verbose lock using /home/mohamed/.npm/_locks/staging-a3129d4e2ee304d4.lock for /home/mohamed/Documents/Github/mShare/node_modules/.staging
90 silly doParallel extract 1
91 silly extract bcryptjs@2.4.3
92 verbose unbuild node_modules/.staging/bcryptjs-cf86205e
93 silly gentlyRm /home/mohamed/Documents/Github/mShare/node_modules/.staging/bcryptjs-cf86205e is being purged from base /home/mohamed/Documents/Github/mShare
94 verbose gentlyRm don't care about contents; nuking /home/mohamed/Documents/Github/mShare/node_modules/.staging/bcryptjs-cf86205e
95 verbose tar unpack /home/mohamed/.npm/bcryptjs/2.4.3/package.tgz
96 verbose tar unpacking to /home/mohamed/Documents/Github/mShare/node_modules/.staging/bcryptjs-cf86205e
97 silly gentlyRm /home/mohamed/Documents/Github/mShare/node_modules/.staging/bcryptjs-cf86205e is being purged
98 verbose gentlyRm don't care about contents; nuking /home/mohamed/Documents/Github/mShare/node_modules/.staging/bcryptjs-cf86205e
99 silly gunzTarPerm modes [ '775', '664' ]
100 silly gunzTarPerm extractEntry package.json
101 silly gunzTarPerm modified mode [ 'package.json', 438, 436 ]
102 silly gunzTarPerm extractEntry .npmignore
103 silly gunzTarPerm modified mode [ '.npmignore', 438, 436 ]
104 silly gunzTarPerm extractEntry README.md
105 silly gunzTarPerm modified mode [ 'README.md', 438, 436 ]
106 silly gunzTarPerm extractEntry LICENSE
107 silly gunzTarPerm modified mode [ 'LICENSE', 438, 436 ]
108 silly gunzTarPerm extractEntry index.js
109 silly gunzTarPerm modified mode [ 'index.js', 438, 436 ]
110 silly gunzTarPerm extractEntry dist/README.md
111 silly gunzTarPerm modified mode [ 'dist/README.md', 438, 436 ]
112 silly gunzTarPerm extractEntry dist/bcrypt.js
113 silly gunzTarPerm modified mode [ 'dist/bcrypt.js', 438, 436 ]
114 silly gunzTarPerm extractEntry dist/bcrypt.min.js
115 silly gunzTarPerm modified mode [ 'dist/bcrypt.min.js', 438, 436 ]
116 silly gunzTarPerm extractEntry dist/bcrypt.min.js.gz
117 silly gunzTarPerm modified mode [ 'dist/bcrypt.min.js.gz', 438, 436 ]
118 silly gunzTarPerm extractEntry dist/bcrypt.min.map
119 silly gunzTarPerm modified mode [ 'dist/bcrypt.min.map', 438, 436 ]
120 silly gunzTarPerm extractEntry bin/bcrypt
121 silly gunzTarPerm modified mode [ 'bin/bcrypt', 438, 436 ]
122 silly gunzTarPerm extractEntry bower.json
123 silly gunzTarPerm modified mode [ 'bower.json', 438, 436 ]
124 silly gunzTarPerm extractEntry .vscode/settings.json
125 silly gunzTarPerm modified mode [ '.vscode/settings.json', 438, 436 ]
126 silly gunzTarPerm extractEntry externs/bcrypt.js
127 silly gunzTarPerm modified mode [ 'externs/bcrypt.js', 438, 436 ]
128 silly gunzTarPerm extractEntry externs/minimal-env.js
129 silly gunzTarPerm modified mode [ 'externs/minimal-env.js', 438, 436 ]
130 silly gunzTarPerm extractEntry src/bcrypt.js
131 silly gunzTarPerm modified mode [ 'src/bcrypt.js', 438, 436 ]
132 silly gunzTarPerm extractEntry src/wrap.js
133 silly gunzTarPerm modified mode [ 'src/wrap.js', 438, 436 ]
134 silly gunzTarPerm extractEntry src/bcrypt/impl.js
135 silly gunzTarPerm modified mode [ 'src/bcrypt/impl.js', 438, 436 ]
136 silly gunzTarPerm extractEntry src/bcrypt/util.js
137 silly gunzTarPerm modified mode [ 'src/bcrypt/util.js', 438, 436 ]
138 silly gunzTarPerm extractEntry src/bcrypt/prng/README.md
139 silly gunzTarPerm modified mode [ 'src/bcrypt/prng/README.md', 438, 436 ]
140 silly gunzTarPerm extractEntry src/bcrypt/prng/accum.js
141 silly gunzTarPerm modified mode [ 'src/bcrypt/prng/accum.js', 438, 436 ]
142 silly gunzTarPerm extractEntry src/bcrypt/prng/isaac.js
143 silly gunzTarPerm modified mode [ 'src/bcrypt/prng/isaac.js', 438, 436 ]
144 silly gunzTarPerm extractEntry src/bcrypt/util/base64.js
145 silly gunzTarPerm modified mode [ 'src/bcrypt/util/base64.js', 438, 436 ]
146 silly gunzTarPerm extractEntry src/bower.json
147 silly gunzTarPerm modified mode [ 'src/bower.json', 438, 436 ]
148 silly gunzTarPerm extractEntry .travis.yml
149 silly gunzTarPerm modified mode [ '.travis.yml', 438, 436 ]
150 silly gunzTarPerm extractEntry scripts/build.js
151 silly gunzTarPerm modified mode [ 'scripts/build.js', 438, 436 ]
152 silly gunzTarPerm extractEntry tests/suite.js
153 silly gunzTarPerm modified mode [ 'tests/suite.js', 438, 436 ]
154 silly gunzTarPerm extractEntry tests/quickbrown.txt
155 silly gunzTarPerm modified mode [ 'tests/quickbrown.txt', 438, 436 ]
156 silly gentlyRm /home/mohamed/Documents/Github/mShare/node_modules/.staging/bcryptjs-cf86205e/node_modules is being purged
157 verbose gentlyRm don't care about contents; nuking /home/mohamed/Documents/Github/mShare/node_modules/.staging/bcryptjs-cf86205e/node_modules
158 silly doParallel preinstall 1
159 silly preinstall bcryptjs@2.4.3 /home/mohamed/Documents/Github/mShare/node_modules/.staging/bcryptjs-cf86205e
160 info lifecycle bcryptjs@2.4.3~preinstall: bcryptjs@2.4.3
161 silly lifecycle bcryptjs@2.4.3~preinstall: no script for preinstall, continuing
162 silly doReverseSerial remove 0
163 silly doSerial move 0
164 silly doSerial finalize 1
165 silly finalize /home/mohamed/Documents/Github/mShare/node_modules/bcryptjs
166 silly doSerial build 1
167 silly build bcryptjs@2.4.3
168 info linkStuff bcryptjs@2.4.3
169 silly linkStuff bcryptjs@2.4.3 has /home/mohamed/Documents/Github/mShare/node_modules as its parent node_modules
170 verbose linkBins bcryptjs@2.4.3
171 verbose linkMans bcryptjs@2.4.3
172 silly doSerial global-link 0
173 silly doParallel update-linked 0
174 silly doSerial install 1
175 silly install bcryptjs@2.4.3 /home/mohamed/Documents/Github/mShare/node_modules/.staging/bcryptjs-cf86205e
176 info lifecycle bcryptjs@2.4.3~install: bcryptjs@2.4.3
177 silly lifecycle bcryptjs@2.4.3~install: no script for install, continuing
178 silly doSerial postinstall 1
179 silly postinstall bcryptjs@2.4.3 /home/mohamed/Documents/Github/mShare/node_modules/.staging/bcryptjs-cf86205e
180 info lifecycle bcryptjs@2.4.3~postinstall: bcryptjs@2.4.3
181 silly lifecycle bcryptjs@2.4.3~postinstall: no script for postinstall, continuing
182 verbose unlock done using /home/mohamed/.npm/_locks/staging-a3129d4e2ee304d4.lock for /home/mohamed/Documents/Github/mShare/node_modules/.staging
183 silly executeActions Finishing
184 silly rollbackFailedOptional Starting
185 silly rollbackFailedOptional Finishing
186 silly runTopLevelLifecycles Starting
187 silly install runTopLevelLifecycles
188 silly preinstall mshare@1.0.0 /home/mohamed/Documents/Github/mShare/mshare-baeacc00
189 info lifecycle mshare@1.0.0~preinstall: mshare@1.0.0
190 silly lifecycle mshare@1.0.0~preinstall: no script for preinstall, continuing
191 silly build mshare@1.0.0
192 info linkStuff mshare@1.0.0
193 silly linkStuff mshare@1.0.0 has /home/mohamed/Documents/Github as its parent node_modules
194 verbose linkBins mshare@1.0.0
195 verbose linkMans mshare@1.0.0
196 silly install mshare@1.0.0 /home/mohamed/Documents/Github/mShare/mshare-baeacc00
197 info lifecycle mshare@1.0.0~install: mshare@1.0.0
198 verbose lifecycle mshare@1.0.0~install: unsafe-perm in lifecycle true
199 verbose lifecycle mshare@1.0.0~install: PATH: /usr/share/npm/bin/node-gyp-bin:/home/mohamed/Documents/Github/mShare/node_modules/.bin:/usr/local/sbin:/usr/local/bin:/usr/sbin:/usr/bin:/sbin:/bin:/usr/games:/usr/local/games:/snap/bin:/usr/local/java/jre1.8.0_91/bin:/usr/local/java/jdk1.8.0_91/bin
200 verbose lifecycle mshare@1.0.0~install: CWD: /home/mohamed/Documents/Github/mShare
201 silly lifecycle mshare@1.0.0~install: Args: [ '-c', 'mkdir logs' ]
202 silly lifecycle mshare@1.0.0~install: Returned: code: 1  signal: null
203 info lifecycle mshare@1.0.0~install: Failed to exec install script
204 warn mshare@1.0.0 No repository field.
205 verbose stack Error: mshare@1.0.0 install: `mkdir logs`
205 verbose stack Exit status 1
205 verbose stack     at EventEmitter.<anonymous> (/usr/share/npm/lib/utils/lifecycle.js:232:16)
205 verbose stack     at emitTwo (events.js:87:13)
205 verbose stack     at EventEmitter.emit (events.js:172:7)
205 verbose stack     at ChildProcess.<anonymous> (/usr/share/npm/lib/utils/spawn.js:24:14)
205 verbose stack     at emitTwo (events.js:87:13)
205 verbose stack     at ChildProcess.emit (events.js:172:7)
205 verbose stack     at maybeClose (internal/child_process.js:821:16)
205 verbose stack     at Process.ChildProcess._handle.onexit (internal/child_process.js:211:5)
206 verbose pkgid mshare@1.0.0
207 verbose cwd /home/mohamed/Documents/Github/mShare
208 error Linux 4.4.0-51-generic
209 error argv "/usr/bin/nodejs" "/usr/bin/npm" "install"
210 error node v4.2.6
211 error npm  v3.5.2
212 error code ELIFECYCLE
213 error mshare@1.0.0 install: `mkdir logs`
213 error Exit status 1
214 error Failed at the mshare@1.0.0 install script 'mkdir logs'.
214 error Make sure you have the latest version of node.js and npm installed.
214 error If you do, this is most likely a problem with the mshare package,
214 error not with npm itself.
214 error Tell the author that this fails on your system:
214 error     mkdir logs
214 error You can get information on how to open an issue for this project with:
214 error     npm bugs mshare
214 error Or if that isn't available, you can get their info via:
214 error     npm owner ls mshare
214 error There is likely additional logging output above.
215 verbose exit [ 1, true ]
